mode: set
rent-car/storage/postgres/car.go:19.39,23.2 1 1
rent-car/storage/postgres/car.go:25.78,49.16 6 1
rent-car/storage/postgres/car.go:49.16,51.13 2 0
rent-car/storage/postgres/car.go:54.2,54.25 1 1
rent-car/storage/postgres/car.go:57.78,77.16 5 1
rent-car/storage/postgres/car.go:77.16,79.13 2 0
rent-car/storage/postgres/car.go:82.2,82.20 1 1
rent-car/storage/postgres/car.go:85.111,92.22 3 1
rent-car/storage/postgres/car.go:92.22,94.3 1 1
rent-car/storage/postgres/car.go:96.2,115.16 6 1
rent-car/storage/postgres/car.go:115.16,117.3 1 0
rent-car/storage/postgres/car.go:118.2,118.18 1 1
rent-car/storage/postgres/car.go:118.18,136.27 2 1
rent-car/storage/postgres/car.go:136.27,138.4 1 0
rent-car/storage/postgres/car.go:140.3,141.37 2 1
rent-car/storage/postgres/car.go:143.2,143.18 1 1
rent-car/storage/postgres/car.go:146.119,153.22 3 0
rent-car/storage/postgres/car.go:153.22,155.3 1 0
rent-car/storage/postgres/car.go:157.2,166.16 6 0
rent-car/storage/postgres/car.go:166.16,168.3 1 0
rent-car/storage/postgres/car.go:169.2,169.18 1 0
rent-car/storage/postgres/car.go:169.18,177.27 2 0
rent-car/storage/postgres/car.go:177.27,179.5 1 0
rent-car/storage/postgres/car.go:181.3,181.37 1 0
rent-car/storage/postgres/car.go:183.2,183.33 1 0
rent-car/storage/postgres/car.go:183.33,185.6 1 0
rent-car/storage/postgres/car.go:186.5,191.17 3 0
rent-car/storage/postgres/car.go:191.17,193.5 1 0
rent-car/storage/postgres/car.go:194.5,194.20 1 0
rent-car/storage/postgres/car.go:197.78,211.16 4 1
rent-car/storage/postgres/car.go:211.16,213.3 1 0
rent-car/storage/postgres/car.go:214.2,214.17 1 1
rent-car/storage/postgres/car.go:217.63,225.16 5 1
rent-car/storage/postgres/car.go:225.16,227.3 1 0
rent-car/storage/postgres/car.go:229.2,229.12 1 1
rent-car/storage/postgres/customer.go:21.49,25.2 1 1
rent-car/storage/postgres/customer.go:27.93,42.16 6 1
rent-car/storage/postgres/customer.go:42.16,44.3 1 0
rent-car/storage/postgres/customer.go:45.2,45.25 1 1
rent-car/storage/postgres/customer.go:48.101,67.16 5 1
rent-car/storage/postgres/customer.go:67.16,69.3 1 0
rent-car/storage/postgres/customer.go:70.2,70.25 1 1
rent-car/storage/postgres/customer.go:75.134,81.22 3 1
rent-car/storage/postgres/customer.go:81.22,83.3 1 1
rent-car/storage/postgres/customer.go:85.2,108.16 7 1
rent-car/storage/postgres/customer.go:108.16,110.3 1 0
rent-car/storage/postgres/customer.go:111.6,113.18 2 1
rent-car/storage/postgres/customer.go:113.18,133.39 2 1
rent-car/storage/postgres/customer.go:133.39,135.4 1 0
rent-car/storage/postgres/customer.go:137.3,137.52 1 1
rent-car/storage/postgres/customer.go:139.2,139.33 1 1
rent-car/storage/postgres/customer.go:139.33,141.3 1 0
rent-car/storage/postgres/customer.go:142.2,144.16 3 1
rent-car/storage/postgres/customer.go:144.16,146.3 1 0
rent-car/storage/postgres/customer.go:147.2,147.18 1 1
rent-car/storage/postgres/customer.go:150.88,161.37 4 1
rent-car/storage/postgres/customer.go:161.37,163.3 1 1
rent-car/storage/postgres/customer.go:164.2,164.22 1 0
rent-car/storage/postgres/customer.go:167.68,173.16 5 1
rent-car/storage/postgres/customer.go:173.16,175.3 1 0
rent-car/storage/postgres/customer.go:176.2,176.12 1 1
rent-car/storage/postgres/order.go:19.43,23.2 1 1
rent-car/storage/postgres/order.go:25.88,42.16 6 1
rent-car/storage/postgres/order.go:42.16,44.3 1 0
rent-car/storage/postgres/order.go:45.2,45.25 1 1
rent-car/storage/postgres/order.go:48.88,61.16 5 1
rent-car/storage/postgres/order.go:61.16,63.3 1 0
rent-car/storage/postgres/order.go:64.2,64.19 1 1
rent-car/storage/postgres/order.go:67.118,73.22 3 1
rent-car/storage/postgres/order.go:73.22,75.3 1 1
rent-car/storage/postgres/order.go:76.2,101.16 7 1
rent-car/storage/postgres/order.go:101.16,103.3 1 0
rent-car/storage/postgres/order.go:104.2,106.18 2 1
rent-car/storage/postgres/order.go:106.18,131.17 3 1
rent-car/storage/postgres/order.go:131.17,133.4 1 0
rent-car/storage/postgres/order.go:134.3,135.43 2 1
rent-car/storage/postgres/order.go:137.2,137.34 1 1
rent-car/storage/postgres/order.go:137.34,139.3 1 0
rent-car/storage/postgres/order.go:140.2,143.16 3 1
rent-car/storage/postgres/order.go:143.16,145.3 1 0
rent-car/storage/postgres/order.go:146.2,146.18 1 1
rent-car/storage/postgres/order.go:149.86,176.16 4 1
rent-car/storage/postgres/order.go:176.16,178.3 1 0
rent-car/storage/postgres/order.go:179.2,179.19 1 1
rent-car/storage/postgres/order.go:183.66,189.19 5 1
rent-car/storage/postgres/order.go:189.19,191.6 1 0
rent-car/storage/postgres/order.go:192.5,192.15 1 1
rent-car/storage/postgres/postgres.go:19.76,24.16 3 0
rent-car/storage/postgres/postgres.go:24.16,26.3 1 0
rent-car/storage/postgres/postgres.go:28.2,35.16 6 0
rent-car/storage/postgres/postgres.go:35.16,38.3 2 0
rent-car/storage/postgres/postgres.go:40.2,42.8 1 0
rent-car/storage/postgres/postgres.go:45.26,47.2 1 0
rent-car/storage/postgres/postgres.go:49.42,53.2 2 0
rent-car/storage/postgres/postgres.go:55.52,59.2 2 0
rent-car/storage/postgres/postgres.go:60.46,64.2 2 0
